[ 2013-02-18T14:20:29+08:00 ] ERR: (ThinkException) 无法加载模块:Index
[ 2013-02-18T14:20:34+08:00 ] ERR: (ThinkException) 无法加载模块:Category
[ 2013-02-18T14:20:43+08:00 ] 127.0.0.1 /index.php
INFO: [ app_begin ] --START--
INFO: Run ReadHtmlCache Behavior [ RunTime:0.000203s ]
INFO: [ app_begin ] --END-- [ RunTime:0.000352s ]

[ 2013-02-18T14:21:44+08:00 ] 127.0.0.1 /index.php
INFO: [ app_begin ] --START--
INFO: Run ReadHtmlCache Behavior [ RunTime:0.000372s ]
INFO: [ app_begin ] --END-- [ RunTime:0.000668s ]

[ 2013-02-18T14:21:52+08:00 ] 127.0.0.1 /index.php?g=Admin
INFO: [ app_begin ] --START--
INFO: Run ReadHtmlCache Behavior [ RunTime:0.000372s ]
INFO: [ app_begin ] --END-- [ RunTime:0.000667s ]
INFO: [ view_template ] --START--
INFO: Run LocationTemplate Behavior [ RunTime:0.023542s ]
INFO: [ view_template ] --END-- [ RunTime:0.023726s ]
INFO: [ view_parse ] --START--
INFO: Run ParseTemplate Behavior [ RunTime:0.096531s ]
INFO: [ view_parse ] --END-- [ RunTime:0.096664s ]
INFO: [ view_filter ] --START--
INFO: Run ContentReplace Behavior [ RunTime:0.017188s ]
INFO: Run TokenBuild Behavior [ RunTime:0.029541s ]
INFO: Run WriteHtmlCache Behavior [ RunTime:0.011078s ]
INFO: Run ShowRuntime Behavior [ RunTime:0.001589s ]
INFO: [ view_filter ] --END-- [ RunTime:0.059901s ]
INFO: [ view_end ] --START--
INFO: Run ShowPageTrace Behavior [ RunTime:0.002281s ]
INFO: [ view_end ] --END-- [ RunTime:0.002461s ]

[ 2013-02-18T14:21:52+08:00 ] 127.0.0.1 /index.php?g=Admin&m=Index&a=main
INFO: [ app_begin ] --START--
INFO: Run ReadHtmlCache Behavior [ RunTime:0.000229s ]
INFO: [ app_begin ] --END-- [ RunTime:0.000382s ]
NOTIC: [2] mysql_get_server_info(): Access denied for user 'return'@'localhost' (using password: NO) /home/return/workspace/www/mycms/MyCms/Lib/Action/Admin/IndexAction.class.php 第 11 行.
NOTIC: [2] mysql_get_server_info(): A link to the server could not be established /home/return/workspace/www/mycms/MyCms/Lib/Action/Admin/IndexAction.class.php 第 11 行.
INFO: [ view_template ] --START--
INFO: Run LocationTemplate Behavior [ RunTime:0.000206s ]
INFO: [ view_template ] --END-- [ RunTime:0.000345s ]
INFO: [ view_parse ] --START--
INFO: Run ParseTemplate Behavior [ RunTime:0.016945s ]
INFO: [ view_parse ] --END-- [ RunTime:0.017097s ]
INFO: [ view_filter ] --START--
INFO: Run ContentReplace Behavior [ RunTime:0.000205s ]
INFO: Run TokenBuild Behavior [ RunTime:0.000140s ]
INFO: Run WriteHtmlCache Behavior [ RunTime:0.000078s ]
INFO: Run ShowRuntime Behavior [ RunTime:0.000181s ]
INFO: [ view_filter ] --END-- [ RunTime:0.000823s ]
INFO: [ view_end ] --START--
INFO: Run ShowPageTrace Behavior [ RunTime:0.000125s ]
INFO: [ view_end ] --END-- [ RunTime:0.000207s ]

[ 2013-02-18T14:26:39+08:00 ] 192.168.0.198 /
INFO: [ app_begin ] --START--
INFO: Run ReadHtmlCache Behavior [ RunTime:0.001001s ]
INFO: [ app_begin ] --END-- [ RunTime:0.001155s ]

[ 2013-02-18T14:26:49+08:00 ] 192.168.0.198 /index.php?g=Admin
INFO: [ app_begin ] --START--
INFO: Run ReadHtmlCache Behavior [ RunTime:0.000223s ]
INFO: [ app_begin ] --END-- [ RunTime:0.000433s ]
INFO: [ view_template ] --START--
INFO: Run LocationTemplate Behavior [ RunTime:0.000700s ]
INFO: [ view_template ] --END-- [ RunTime:0.000845s ]
INFO: [ view_parse ] --START--
INFO: Run ParseTemplate Behavior [ RunTime:0.009732s ]
INFO: [ view_parse ] --END-- [ RunTime:0.009851s ]
INFO: [ view_filter ] --START--
INFO: Run ContentReplace Behavior [ RunTime:0.000842s ]
INFO: Run TokenBuild Behavior [ RunTime:0.000730s ]
INFO: Run WriteHtmlCache Behavior [ RunTime:0.000619s ]
INFO: Run ShowRuntime Behavior [ RunTime:0.000904s ]
INFO: [ view_filter ] --END-- [ RunTime:0.003351s ]
INFO: [ view_end ] --START--
INFO: Run ShowPageTrace Behavior [ RunTime:0.001021s ]
INFO: [ view_end ] --END-- [ RunTime:0.001116s ]

[ 2013-02-18T14:26:49+08:00 ] 192.168.0.198 /index.php?g=Admin&m=Index&a=main
INFO: [ app_begin ] --START--
INFO: Run ReadHtmlCache Behavior [ RunTime:0.000204s ]
INFO: [ app_begin ] --END-- [ RunTime:0.000356s ]
NOTIC: [2] mysql_get_server_info(): Access denied for user 'return'@'localhost' (using password: NO) /home/return/workspace/www/mycms/MyCms/Lib/Action/Admin/IndexAction.class.php 第 11 行.
NOTIC: [2] mysql_get_server_info(): A link to the server could not be established /home/return/workspace/www/mycms/MyCms/Lib/Action/Admin/IndexAction.class.php 第 11 行.
INFO: [ view_template ] --START--
INFO: Run LocationTemplate Behavior [ RunTime:0.000136s ]
INFO: [ view_template ] --END-- [ RunTime:0.000227s ]
INFO: [ view_parse ] --START--
INFO: Run ParseTemplate Behavior [ RunTime:0.003957s ]
INFO: [ view_parse ] --END-- [ RunTime:0.004081s ]
INFO: [ view_filter ] --START--
INFO: Run ContentReplace Behavior [ RunTime:0.000197s ]
INFO: Run TokenBuild Behavior [ RunTime:0.000140s ]
INFO: Run WriteHtmlCache Behavior [ RunTime:0.000085s ]
INFO: Run ShowRuntime Behavior [ RunTime:0.000181s ]
INFO: [ view_filter ] --END-- [ RunTime:0.000824s ]
INFO: [ view_end ] --START--
INFO: Run ShowPageTrace Behavior [ RunTime:0.000123s ]
INFO: [ view_end ] --END-- [ RunTime:0.000205s ]

[ 2013-02-18T14:47:52+08:00 ] 192.168.0.198 /index.php?g=Api&m=User
INFO: [ app_begin ] --START--
INFO: Run ReadHtmlCache Behavior [ RunTime:0.006277s ]
INFO: [ app_begin ] --END-- [ RunTime:0.006499s ]

[ 2013-02-18T14:47:56+08:00 ] 192.168.0.198 /index.php?g=Api&m=User
INFO: [ app_begin ] --START--
INFO: Run ReadHtmlCache Behavior [ RunTime:0.000389s ]
INFO: [ app_begin ] --END-- [ RunTime:0.000666s ]

[ 2013-02-18T14:47:56+08:00 ] 192.168.0.198 /index.php?g=Api&m=User
INFO: [ app_begin ] --START--
INFO: Run ReadHtmlCache Behavior [ RunTime:0.000341s ]
INFO: [ app_begin ] --END-- [ RunTime:0.000560s ]

[ 2013-02-18T14:47:57+08:00 ] 192.168.0.198 /index.php?g=Api&m=User
INFO: [ app_begin ] --START--
INFO: Run ReadHtmlCache Behavior [ RunTime:0.000520s ]
INFO: [ app_begin ] --END-- [ RunTime:0.000747s ]

[ 2013-02-18T14:56:33+08:00 ] 192.168.0.198 /index.php?g=Api&m=User&a=lists
INFO: [ app_begin ] --START--
INFO: Run ReadHtmlCache Behavior [ RunTime:0.000335s ]
INFO: [ app_begin ] --END-- [ RunTime:0.000574s ]
SQL: SHOW COLUMNS FROM `rt_member` [ RunTime:0.001202s ]

[ 2013-02-18T14:58:33+08:00 ] 192.168.0.198 /index.php?g=Api&m=User&a=lists
INFO: [ app_begin ] --START--
INFO: Run ReadHtmlCache Behavior [ RunTime:0.000209s ]
INFO: [ app_begin ] --END-- [ RunTime:0.000355s ]
SQL: SHOW COLUMNS FROM `rt_member` [ RunTime:0.000606s ]
SQL: SELECT * FROM `rt_member` LIMIT 10   [ RunTime:0.000457s ]

