[ 2013-02-19T13:57:07+08:00 ] 192.168.0.198 /index.php?g=Api&m=Coment
INFO: [ app_begin ] --START--
INFO: Run ReadHtmlCache Behavior [ RunTime:0.000292s ]
INFO: [ app_begin ] --END-- [ RunTime:0.000528s ]
SQL: SHOW COLUMNS FROM `rt_comments` [ RunTime:0.000756s ]

[ 2013-02-19T13:58:04+08:00 ] 192.168.0.198 /index.php?g=Api&m=Coment
INFO: [ app_begin ] --START--
INFO: Run ReadHtmlCache Behavior [ RunTime:0.000200s ]
INFO: [ app_begin ] --END-- [ RunTime:0.000346s ]
SQL: SHOW COLUMNS FROM `rt_comments` [ RunTime:0.000851s ]

[ 2013-02-19T13:58:05+08:00 ] 192.168.0.198 /index.php?g=Api&m=Coment
INFO: [ app_begin ] --START--
INFO: Run ReadHtmlCache Behavior [ RunTime:0.000172s ]
INFO: [ app_begin ] --END-- [ RunTime:0.000281s ]
SQL: SHOW COLUMNS FROM `rt_comments` [ RunTime:0.000696s ]

[ 2013-02-19T13:58:08+08:00 ] 192.168.0.198 /index.php?g=Api&m=Coment
INFO: [ app_begin ] --START--
INFO: Run ReadHtmlCache Behavior [ RunTime:0.000242s ]
INFO: [ app_begin ] --END-- [ RunTime:0.000424s ]
SQL: SHOW COLUMNS FROM `rt_comments` [ RunTime:0.000712s ]

[ 2013-02-19T13:58:08+08:00 ] 192.168.0.198 /index.php?g=Api&m=Coment
INFO: [ app_begin ] --START--
INFO: Run ReadHtmlCache Behavior [ RunTime:0.000183s ]
INFO: [ app_begin ] --END-- [ RunTime:0.000318s ]
SQL: SHOW COLUMNS FROM `rt_comments` [ RunTime:0.000780s ]

[ 2013-02-19T13:58:09+08:00 ] 192.168.0.198 /index.php?g=Api&m=Coment
INFO: [ app_begin ] --START--
INFO: Run ReadHtmlCache Behavior [ RunTime:0.000426s ]
INFO: [ app_begin ] --END-- [ RunTime:0.000686s ]
SQL: SHOW COLUMNS FROM `rt_comments` [ RunTime:0.000938s ]

[ 2013-02-19T13:58:09+08:00 ] 192.168.0.198 /index.php?g=Api&m=Coment
INFO: [ app_begin ] --START--
INFO: Run ReadHtmlCache Behavior [ RunTime:0.000329s ]
INFO: [ app_begin ] --END-- [ RunTime:0.000538s ]
SQL: SHOW COLUMNS FROM `rt_comments` [ RunTime:0.000712s ]

[ 2013-02-19T13:58:09+08:00 ] 192.168.0.198 /index.php?g=Api&m=Coment
INFO: [ app_begin ] --START--
INFO: Run ReadHtmlCache Behavior [ RunTime:0.000193s ]
INFO: [ app_begin ] --END-- [ RunTime:0.000301s ]
SQL: SHOW COLUMNS FROM `rt_comments` [ RunTime:0.000716s ]

[ 2013-02-19T13:58:19+08:00 ] ERR: (ThinkException) 非法操作:list
[ 2013-02-19T14:52:43+08:00 ] 192.168.0.198 /
INFO: [ app_begin ] --START--
INFO: Run ReadHtmlCache Behavior [ RunTime:0.000224s ]
INFO: [ app_begin ] --END-- [ RunTime:0.000353s ]

[ 2013-02-19T14:53:14+08:00 ] 192.168.0.198 /
INFO: [ app_begin ] --START--
INFO: Run ReadHtmlCache Behavior [ RunTime:0.000280s ]
INFO: [ app_begin ] --END-- [ RunTime:0.000504s ]

[ 2013-02-19T14:53:40+08:00 ] ERR: (ThinkException) 非法操作:list
[ 2013-02-19T14:54:12+08:00 ] 192.168.0.198 /
INFO: [ app_begin ] --START--
INFO: Run ReadHtmlCache Behavior [ RunTime:0.000249s ]
INFO: [ app_begin ] --END-- [ RunTime:0.000423s ]

[ 2013-02-19T14:54:22+08:00 ] ERR: (ThinkException) 非法操作:list
[ 2013-02-19T15:17:24+08:00 ] 192.168.0.99 /
INFO: [ app_begin ] --START--
INFO: Run ReadHtmlCache Behavior [ RunTime:0.000266s ]
INFO: [ app_begin ] --END-- [ RunTime:0.000441s ]

